c:\users\odette\documents\labcgeihc_10\proyectofinal_pinball_cgeihc\proyectopinball\debug\vc143.pdb
c:\users\odette\documents\labcgeihc_10\proyectofinal_pinball_cgeihc\proyectopinball\debug\vc143.idb
c:\users\odette\documents\labcgeihc_10\proyectofinal_pinball_cgeihc\proyectopinball\debug\window.obj
c:\users\odette\documents\labcgeihc_10\proyectofinal_pinball_cgeihc\proyectopinball\debug\texture.obj
c:\users\odette\documents\labcgeihc_10\proyectofinal_pinball_cgeihc\proyectopinball\debug\spotlight.obj
c:\users\odette\documents\labcgeihc_10\proyectofinal_pinball_cgeihc\proyectopinball\debug\sphere.obj
c:\users\odette\documents\labcgeihc_10\proyectofinal_pinball_cgeihc\proyectopinball\debug\skybox.obj
c:\users\odette\documents\labcgeihc_10\proyectofinal_pinball_cgeihc\proyectopinball\debug\shader_light.obj
c:\users\odette\documents\labcgeihc_10\proyectofinal_pinball_cgeihc\proyectopinball\debug\proyectopinball.obj
c:\users\odette\documents\labcgeihc_10\proyectofinal_pinball_cgeihc\proyectopinball\debug\pointlight.obj
c:\users\odette\documents\labcgeihc_10\proyectofinal_pinball_cgeihc\proyectopinball\debug\model.obj
c:\users\odette\documents\labcgeihc_10\proyectofinal_pinball_cgeihc\proyectopinball\debug\mesh_tn.obj
c:\users\odette\documents\labcgeihc_10\proyectofinal_pinball_cgeihc\proyectopinball\debug\material.obj
c:\users\odette\documents\labcgeihc_10\proyectofinal_pinball_cgeihc\proyectopinball\debug\light.obj
c:\users\odette\documents\labcgeihc_10\proyectofinal_pinball_cgeihc\proyectopinball\debug\directionallight.obj
c:\users\odette\documents\labcgeihc_10\proyectofinal_pinball_cgeihc\proyectopinball\debug\camera.obj
c:\users\odette\documents\labcgeihc_10\proyectofinal_pinball_cgeihc\proyectopinball\debug\practica9avanzada.obj
c:\users\odette\documents\labcgeihc_10\proyectofinal_pinball_cgeihc\proyectopinball\debug\practica7.obj
c:\users\odette\documents\labcgeihc_10\proyectofinal_pinball_cgeihc\debug\proyectopinball.pdb
c:\users\odette\documents\labcgeihc_10\proyectofinal_pinball_cgeihc\proyectopinball\debug\proyectopinball.tlog\cl.command.1.tlog
c:\users\odette\documents\labcgeihc_10\proyectofinal_pinball_cgeihc\proyectopinball\debug\proyectopinball.tlog\cl.items.tlog
c:\users\odette\documents\labcgeihc_10\proyectofinal_pinball_cgeihc\proyectopinball\debug\proyectopinball.tlog\cl.read.1.tlog
c:\users\odette\documents\labcgeihc_10\proyectofinal_pinball_cgeihc\proyectopinball\debug\proyectopinball.tlog\cl.write.1.tlog
c:\users\odette\documents\labcgeihc_10\proyectofinal_pinball_cgeihc\proyectopinball\debug\proyectopinball.tlog\link-cvtres.read.1.tlog
c:\users\odette\documents\labcgeihc_10\proyectofinal_pinball_cgeihc\proyectopinball\debug\proyectopinball.tlog\link-cvtres.write.1.tlog
c:\users\odette\documents\labcgeihc_10\proyectofinal_pinball_cgeihc\proyectopinball\debug\proyectopinball.tlog\link-rc.read.1.tlog
c:\users\odette\documents\labcgeihc_10\proyectofinal_pinball_cgeihc\proyectopinball\debug\proyectopinball.tlog\link-rc.write.1.tlog
c:\users\odette\documents\labcgeihc_10\proyectofinal_pinball_cgeihc\proyectopinball\debug\proyectopinball.tlog\link.9228-cvtres.read.1.tlog
c:\users\odette\documents\labcgeihc_10\proyectofinal_pinball_cgeihc\proyectopinball\debug\proyectopinball.tlog\link.9228-cvtres.write.1.tlog
c:\users\odette\documents\labcgeihc_10\proyectofinal_pinball_cgeihc\proyectopinball\debug\proyectopinball.tlog\link.9228-rc.read.1.tlog
c:\users\odette\documents\labcgeihc_10\proyectofinal_pinball_cgeihc\proyectopinball\debug\proyectopinball.tlog\link.9228-rc.write.1.tlog
c:\users\odette\documents\labcgeihc_10\proyectofinal_pinball_cgeihc\proyectopinball\debug\proyectopinball.tlog\link.9228.read.1.tlog
c:\users\odette\documents\labcgeihc_10\proyectofinal_pinball_cgeihc\proyectopinball\debug\proyectopinball.tlog\link.9228.write.1.tlog
c:\users\odette\documents\labcgeihc_10\proyectofinal_pinball_cgeihc\proyectopinball\debug\proyectopinball.tlog\link.command.1.tlog
c:\users\odette\documents\labcgeihc_10\proyectofinal_pinball_cgeihc\proyectopinball\debug\proyectopinball.tlog\link.read.1.tlog
c:\users\odette\documents\labcgeihc_10\proyectofinal_pinball_cgeihc\proyectopinball\debug\proyectopinball.tlog\link.write.1.tlog
